<?xml version="1.0" encoding="UTF-8"?>
<!-- Generated by org.testng.reporters.JUnitReportReporter -->
<testsuite hostname="MKPC" name="dd_testcases.Login" tests="2" failures="0" timestamp="28 Jun 2015 17:37:39 GMT" time="28.287" errors="0">
  <testcase name="doLogin" time="3.363" classname="dd_testcases.Login"/>
  <testcase name="doLogin" time="24.924" classname="dd_testcases.Login"/>
</testsuite> <!-- dd_testcases.Login -->
