<?xml version="1.0" encoding="UTF-8"?>
<!-- Generated by org.testng.reporters.JUnitReportReporter -->
<testsuite hostname="MKPC" name="dd_testcases.selectRole" tests="2" failures="0" timestamp="28 Jun 2015 17:37:39 GMT" time="35.194" errors="0">
  <testcase name="closePopup" time="34.508" classname="dd_testcases.selectRole"/>
  <testcase name="selectOrgRole" time="0.686" classname="dd_testcases.selectRole"/>
</testsuite> <!-- dd_testcases.selectRole -->
