<?xml version="1.0" encoding="UTF-8"?>
<!-- Generated by org.testng.reporters.JUnitReportReporter -->
<testsuite hostname="MKPC" name="dd_testcases.Signup" tests="2" failures="0" timestamp="26 May 2015 18:41:26 GMT" time="45.595" errors="0">
  <testcase name="doSignup" time="16.641" classname="dd_testcases.Signup"/>
  <testcase name="doSignup" time="28.954" classname="dd_testcases.Signup"/>
</testsuite> <!-- dd_testcases.Signup -->
